# JRE version: Java(TM) SE Runtime Environment (19.0.1+10) (build 19.0.1+10-21)
# Java VM: Java HotSpot(TM) 64-Bit Server VM (19.0.1+10-21, mixed mode, sharing, tiered, compressed oops, compressed class ptrs, g1 gc, windows-amd64)
GC Precious Log:
 CardTable entry size: 512
 Card Set container configuration: InlinePtr #cards 4 size 8 Array Of Cards #cards 16 size 48 Howl #buckets 8 coarsen threshold 3686 Howl Bitmap #cards 512 size 80 coarsen threshold 460 Card regions per heap region 1 cards per card region 4096
 CPUs: 8 total, 8 available
 Memory: 16122M
 Large Page Support: Disabled
 NUMA Support: Disabled
 Compressed Oops: Enabled (Zero based)
 Heap Region Size: 2M
 Heap Min Capacity: 8M
 Heap Initial Capacity: 252M
 Heap Max Capacity: 4032M
 Pre-touch: Disabled
 Parallel Workers: 8
 Concurrent Workers: 2
 Concurrent Refinement Workers: 8
 Periodic GC: Disabled
Heap:
 garbage-first heap   total 102400K, used 37605K [0x0000000704000000, 0x0000000800000000)
  region size 2048K, 5 young (10240K), 2 survivors (4096K)
 Metaspace       used 39327K, committed 39680K, reserved 1114112K
  class space    used 4233K, committed 4416K, reserved 1048576K
GC Heap History (20 events):
Event: 0.743 GC heap before
{Heap before GC invocations=1 (full 0):
 garbage-first heap   total 258048K, used 36471K [0x0000000704000000, 0x0000000800000000)
  region size 2048K, 18 young (36864K), 2 survivors (4096K)
 Metaspace       used 10577K, committed 10816K, reserved 1114112K
  class space    used 1245K, committed 1344K, reserved 1048576K
}
Event: 0.746 GC heap after
{Heap after GC invocations=2 (full 0):
 garbage-first heap   total 258048K, used 5774K [0x0000000704000000, 0x0000000800000000)
  region size 2048K, 2 young (4096K), 2 survivors (4096K)
 Metaspace       used 10577K, committed 10816K, reserved 1114112K
  class space    used 1245K, committed 1344K, reserved 1048576K
}
Event: 2.113 GC heap before
{Heap before GC invocations=2 (full 0):
 garbage-first heap   total 258048K, used 110222K [0x0000000704000000, 0x0000000800000000)
  region size 2048K, 54 young (110592K), 2 survivors (4096K)
 Metaspace       used 21181K, committed 21504K, reserved 1114112K
  class space    used 2389K, committed 2560K, reserved 1048576K
}
Event: 2.118 GC heap after
{Heap after GC invocations=3 (full 0):
 garbage-first heap   total 258048K, used 11624K [0x0000000704000000, 0x0000000800000000)
  region size 2048K, 4 young (8192K), 4 survivors (8192K)
 Metaspace       used 21181K, committed 21504K, reserved 1114112K
  class space    used 2389K, committed 2560K, reserved 1048576K
}
Event: 2.429 GC heap before
{Heap before GC invocations=4 (full 0):
 garbage-first heap   total 49152K, used 32104K [0x0000000704000000, 0x0000000800000000)
  region size 2048K, 14 young (28672K), 4 survivors (8192K)
 Metaspace       used 24939K, committed 25216K, reserved 1114112K
  class space    used 2744K, committed 2880K, reserved 1048576K
}
Event: 2.435 GC heap after
{Heap after GC invocations=5 (full 0):
 garbage-first heap   total 49152K, used 18680K [0x0000000704000000, 0x0000000800000000)
  region size 2048K, 2 young (4096K), 2 survivors (4096K)
 Metaspace       used 24939K, committed 25216K, reserved 1114112K
  class space    used 2744K, committed 2880K, reserved 1048576K
}
Event: 2.455 GC heap before
{Heap before GC invocations=5 (full 0):
 garbage-first heap   total 49152K, used 20728K [0x0000000704000000, 0x0000000800000000)
  region size 2048K, 3 young (6144K), 2 survivors (4096K)
 Metaspace       used 24940K, committed 25216K, reserved 1114112K
  class space    used 2744K, committed 2880K, reserved 1048576K
}
Event: 2.458 GC heap after
{Heap after GC invocations=6 (full 0):
 garbage-first heap   total 49152K, used 20213K [0x0000000704000000, 0x0000000800000000)
  region size 2048K, 1 young (2048K), 1 survivors (2048K)
 Metaspace       used 24940K, committed 25216K, reserved 1114112K
  class space    used 2744K, committed 2880K, reserved 1048576K
}
Event: 2.559 GC heap before
{Heap before GC invocations=6 (full 0):
 garbage-first heap   total 49152K, used 32501K [0x0000000704000000, 0x0000000800000000)
  region size 2048K, 7 young (14336K), 1 survivors (2048K)
 Metaspace       used 25192K, committed 25536K, reserved 1114112K
  class space    used 2774K, committed 2944K, reserved 1048576K
}
Event: 2.562 GC heap after
{Heap after GC invocations=7 (full 0):
 garbage-first heap   total 49152K, used 23042K [0x0000000704000000, 0x0000000800000000)
  region size 2048K, 1 young (2048K), 1 survivors (2048K)
 Metaspace       used 25192K, committed 25536K, reserved 1114112K
  class space    used 2774K, committed 2944K, reserved 1048576K
}
Event: 2.657 GC heap before
{Heap before GC invocations=7 (full 0):
 garbage-first heap   total 49152K, used 33282K [0x0000000704000000, 0x0000000800000000)
  region size 2048K, 6 young (12288K), 1 survivors (2048K)
 Metaspace       used 25676K, committed 26048K, reserved 1114112K
  class space    used 2812K, committed 3008K, reserved 1048576K
}
Event: 2.662 GC heap after
{Heap after GC invocations=8 (full 0):
 garbage-first heap   total 153600K, used 25043K [0x0000000704000000, 0x0000000800000000)
  region size 2048K, 1 young (2048K), 1 survivors (2048K)
 Metaspace       used 25676K, committed 26048K, reserved 1114112K
  class space    used 2812K, committed 3008K, reserved 1048576K
}
Event: 3.830 GC heap before
{Heap before GC invocations=9 (full 0):
 garbage-first heap   total 102400K, used 82387K [0x0000000704000000, 0x0000000800000000)
  region size 2048K, 30 young (61440K), 1 survivors (2048K)
 Metaspace       used 35878K, committed 36224K, reserved 1114112K
  class space    used 3936K, committed 4096K, reserved 1048576K
}
Event: 3.839 GC heap after
{Heap after GC invocations=10 (full 0):
 garbage-first heap   total 102400K, used 31132K [0x0000000704000000, 0x0000000800000000)
  region size 2048K, 4 young (8192K), 4 survivors (8192K)
 Metaspace       used 35878K, committed 36224K, reserved 1114112K
  class space    used 3936K, committed 4096K, reserved 1048576K
}
Event: 3.847 GC heap before
{Heap before GC invocations=10 (full 0):
 garbage-first heap   total 102400K, used 33180K [0x0000000704000000, 0x0000000800000000)
  region size 2048K, 5 young (10240K), 4 survivors (8192K)
 Metaspace       used 35890K, committed 36224K, reserved 1114112K
  class space    used 3936K, committed 4096K, reserved 1048576K
}
Event: 3.853 GC heap after
{Heap after GC invocations=11 (full 0):
 garbage-first heap   total 102400K, used 31842K [0x0000000704000000, 0x0000000800000000)
  region size 2048K, 1 young (2048K), 1 survivors (2048K)
 Metaspace       used 35890K, committed 36224K, reserved 1114112K
  class space    used 3936K, committed 4096K, reserved 1048576K
}
Event: 4.285 GC heap before
{Heap before GC invocations=11 (full 0):
 garbage-first heap   total 102400K, used 66658K [0x0000000704000000, 0x0000000800000000)
  region size 2048K, 19 young (38912K), 1 survivors (2048K)
 Metaspace       used 37397K, committed 37760K, reserved 1114112K
  class space    used 4036K, committed 4224K, reserved 1048576K
}
Event: 4.287 GC heap after
{Heap after GC invocations=12 (full 0):
 garbage-first heap   total 102400K, used 32349K [0x0000000704000000, 0x0000000800000000)
  region size 2048K, 1 young (2048K), 1 survivors (2048K)
 Metaspace       used 37397K, committed 37760K, reserved 1114112K
  class space    used 4036K, committed 4224K, reserved 1048576K
}
Event: 19.418 GC heap before
{Heap before GC invocations=12 (full 0):
 garbage-first heap   total 102400K, used 71261K [0x0000000704000000, 0x0000000800000000)
  region size 2048K, 20 young (40960K), 1 survivors (2048K)
 Metaspace       used 39211K, committed 39616K, reserved 1114112K
  class space    used 4224K, committed 4416K, reserved 1048576K
}
Event: 19.422 GC heap after
{Heap after GC invocations=13 (full 0):
 garbage-first heap   total 102400K, used 33509K [0x0000000704000000, 0x0000000800000000)
  region size 2048K, 2 young (4096K), 2 survivors (4096K)
 Metaspace       used 39211K, committed 39616K, reserved 1114112K
  class space    used 4224K, committed 4416K, reserved 1048576K
}

