<?xml version="1.0" encoding="UTF-8"?>
<!-- Generated by org.testng.reporters.JUnitXMLReporter -->
<testsuite ignored="0" hostname="VandanaLaptop" failures="0" tests="4" name="Default test" time="0.06" errors="0" timestamp="2023-03-07T12:45:51 CST">
  <testcase classname="testngvandna.Priority" name="Tc_01" time="0.011"/>
  <testcase classname="testngvandna.Priority" name="Tc_02" time="0.001"/>
  <testcase classname="testngvandna.Priority" name="Tc_03" time="0.002"/>
  <testcase classname="testngvandna.Priority" name="Tc_04" time="0.002"/>
</testsuite> <!-- Default test -->
