<?xml version="1.0" encoding="UTF-8"?>
<!-- Generated by org.testng.reporters.JUnitXMLReporter -->
<testsuite ignored="0" hostname="VandanaLaptop" failures="0" tests="9" name="Test" time="81.343" errors="0" timestamp="2023-03-22T23:35:56 CDT">
  <testcase classname="testngvandna.collgeweeksampleTest" name="f" time="11.459"/>
  <testcase classname="testngvandna.CrossBrowserSampleRun" name="f" time="39.595"/>
  <testcase classname="testngvandna.Collegeweekly" name="f" time="8.571"/>
  <testcase classname="testngvandna.CrossBrowserTesting12" name="f" time="3.707"/>
  <testcase classname="testngvandna.Priority" name="Tc_01" time="0.004"/>
  <testcase classname="testngvandna.Priority" name="Tc_02" time="0.003"/>
  <testcase classname="testngvandna.Priority" name="Tc_03" time="0.003"/>
  <testcase classname="testngvandna.Priority" name="Tc_04" time="0.002"/>
  <testcase classname="testngvandna.NewAssignment12" name="f" time="9.859"/>
</testsuite> <!-- Test -->
