<?xml version="1.0" encoding="UTF-8"?>
<!-- Generated by org.testng.reporters.JUnitXMLReporter -->
<testsuite ignored="0" hostname="VandanaLaptop" failures="0" tests="10" name="Test" time="51.104" errors="0" timestamp="2023-03-26T13:35:30 CDT">
  <testcase classname="testngvandna.collgeweeksampleTest" name="f" time="11.544"/>
  <testcase classname="testngvandna.CrossBrowserSampleRun" name="f" time="0.842"/>
  <testcase classname="testngvandna.Collegeweekly" name="f" time="8.696"/>
  <testcase classname="testngvandna.CrossBrowserTesting12" name="f" time="3.701"/>
  <testcase classname="testngvandna.Priority" name="Tc_01" time="0.003"/>
  <testcase classname="testngvandna.Priority" name="Tc_02" time="0.001"/>
  <testcase classname="testngvandna.Priority" name="Tc_03" time="0.001"/>
  <testcase classname="testngvandna.Priority" name="Tc_04" time="0.0"/>
  <testcase classname="testngvandna.NewAssignment12" name="f" time="9.776"/>
  <testcase classname="datadriven.Collegeweekly" name="test" time="7.363"/>
</testsuite> <!-- Test -->
