<?xml version="1.0" encoding="UTF-8"?>
<testng-results ignored="0" total="1" passed="1" failed="0" skipped="0">
  <reporter-output>
  </reporter-output>
  <suite started-at="2023-03-01T21:57:27 CST" name="Default suite" finished-at="2023-03-01T21:57:30 CST" duration-ms="2682">
    <groups>
    </groups>
    <test started-at="2023-03-01T21:57:27 CST" name="Default test" finished-at="2023-03-01T21:57:30 CST" duration-ms="2682">
      <class name="testng.FBLogin">
        <test-method signature="facebook()[pri:0, instance:testng.FBLogin@59309333]" started-at="2023-03-01T21:57:27 CST" name="facebook" finished-at="2023-03-01T21:57:30 CST" duration-ms="2656" status="PASS">
          <reporter-output>
          </reporter-output>
        </test-method> <!-- facebook -->
      </class> <!-- testng.FBLogin -->
    </test> <!-- Default test -->
  </suite> <!-- Default suite -->
</testng-results>
