<?xml version="1.0" encoding="UTF-8"?>
<testng-results ignored="0" total="1" passed="1" failed="0" skipped="0">
  <reporter-output>
  </reporter-output>
  <suite started-at="2023-03-05T15:55:05 CST" name="Default suite" finished-at="2023-03-05T15:55:18 CST" duration-ms="13184">
    <groups>
    </groups>
    <test started-at="2023-03-05T15:55:05 CST" name="Default test" finished-at="2023-03-05T15:55:18 CST" duration-ms="13184">
      <class name="testngvandna.ScreenShot">
        <test-method signature="f()[pri:0, instance:testngvandna.ScreenShot@5876a9af]" started-at="2023-03-05T15:55:05 CST" name="f" finished-at="2023-03-05T15:55:18 CST" duration-ms="13152" status="PASS">
          <reporter-output>
          </reporter-output>
        </test-method> <!-- f -->
      </class> <!-- testngvandna.ScreenShot -->
    </test> <!-- Default test -->
  </suite> <!-- Default suite -->
</testng-results>
